2020-10-29 17:10:41 | [INFO]    | Discordia 2.8.4
2020-10-29 17:10:41 | [INFO]    | Connecting to Discord...
2020-10-29 17:10:41 | [INFO]    | Authenticated as Momo Whaley Bot#0448
2020-10-29 17:10:41 | [INFO]    | Launching shard 0 (1 out of 1)...
2020-10-29 17:10:42 | [INFO]    | Shard 0 : Connected to wss://gateway.discord.gg
2020-10-29 17:10:42 | [INFO]    | Shard 0 : Received HELLO
2020-10-29 17:10:42 | [INFO]    | Shard 0 : Received READY
2020-10-29 17:18:43 | [INFO]    | Discordia 2.8.4
2020-10-29 17:18:43 | [INFO]    | Connecting to Discord...
2020-10-29 17:18:44 | [INFO]    | Authenticated as Momo Whaley Bot#0448
2020-10-29 17:18:44 | [INFO]    | Launching shard 0 (1 out of 1)...
2020-10-29 17:18:44 | [INFO]    | Shard 0 : Connected to wss://gateway.discord.gg
2020-10-29 17:18:44 | [INFO]    | Shard 0 : Received HELLO
2020-10-29 17:18:45 | [INFO]    | Shard 0 : Received READY
2020-10-29 17:19:42 | [INFO]    | Discordia 2.8.4
2020-10-29 17:19:42 | [INFO]    | Connecting to Discord...
2020-10-29 17:19:43 | [INFO]    | Authenticated as Momo Whaley Bot#0448
2020-10-29 17:19:43 | [INFO]    | Launching shard 0 (1 out of 1)...
2020-10-29 17:19:43 | [INFO]    | Shard 0 : Connected to wss://gateway.discord.gg
2020-10-29 17:19:43 | [INFO]    | Shard 0 : Received HELLO
2020-10-29 17:19:43 | [INFO]    | Shard 0 : Received READY
2020-10-29 17:19:55 | [INFO]    | Discordia 2.8.4
2020-10-29 17:19:55 | [INFO]    | Connecting to Discord...
2020-10-29 17:19:55 | [INFO]    | Authenticated as Momo Whaley Bot#0448
2020-10-29 17:19:55 | [INFO]    | Launching shard 0 (1 out of 1)...
2020-10-29 17:19:55 | [INFO]    | Shard 0 : Connected to wss://gateway.discord.gg
2020-10-29 17:19:55 | [INFO]    | Shard 0 : Received HELLO
2020-10-29 17:19:55 | [INFO]    | Shard 0 : Received READY
2020-10-29 17:20:06 | [INFO]    | Discordia 2.8.4
2020-10-29 17:20:06 | [INFO]    | Connecting to Discord...
2020-10-29 17:20:06 | [INFO]    | Authenticated as Momo Whaley Bot#0448
2020-10-29 17:20:06 | [INFO]    | Launching shard 0 (1 out of 1)...
2020-10-29 17:20:07 | [INFO]    | Shard 0 : Connected to wss://gateway.discord.gg
2020-10-29 17:20:07 | [INFO]    | Shard 0 : Received HELLO
2020-10-29 17:20:07 | [INFO]    | Shard 0 : Received READY
2020-10-29 17:27:31 | [INFO]    | Discordia 2.8.4
2020-10-29 17:27:31 | [INFO]    | Connecting to Discord...
2020-10-29 17:27:31 | [INFO]    | Authenticated as Momo Whaley Bot#0448
2020-10-29 17:27:31 | [INFO]    | Launching shard 0 (1 out of 1)...
2020-10-29 17:27:32 | [INFO]    | Shard 0 : Connected to wss://gateway.discord.gg
2020-10-29 17:27:32 | [INFO]    | Shard 0 : Received HELLO
2020-10-29 17:27:32 | [INFO]    | Shard 0 : Received READY
2020-10-29 17:35:06 | [INFO]    | Discordia 2.8.4
2020-10-29 17:35:06 | [INFO]    | Connecting to Discord...
2020-10-29 17:35:06 | [INFO]    | Authenticated as Momo Whaley Bot#0448
2020-10-29 17:35:06 | [INFO]    | Launching shard 0 (1 out of 1)...
2020-10-29 17:35:07 | [INFO]    | Shard 0 : Connected to wss://gateway.discord.gg
2020-10-29 17:35:07 | [INFO]    | Shard 0 : Received HELLO
2020-10-29 17:35:07 | [INFO]    | Shard 0 : Received READY
2020-10-29 17:42:44 | [INFO]    | Discordia 2.8.4
2020-10-29 17:42:44 | [INFO]    | Connecting to Discord...
2020-10-29 17:42:44 | [INFO]    | Authenticated as Momo Whaley Bot#0448
2020-10-29 17:42:44 | [INFO]    | Launching shard 0 (1 out of 1)...
2020-10-29 17:42:45 | [INFO]    | Shard 0 : Connected to wss://gateway.discord.gg
2020-10-29 17:42:45 | [INFO]    | Shard 0 : Received HELLO
2020-10-29 17:42:45 | [INFO]    | Shard 0 : Received READY
2020-10-29 17:51:19 | [INFO]    | Discordia 2.8.4
2020-10-29 17:51:19 | [INFO]    | Connecting to Discord...
2020-10-29 17:51:19 | [INFO]    | Authenticated as Momo Whaley Bot#0448
2020-10-29 17:51:19 | [INFO]    | Launching shard 0 (1 out of 1)...
2020-10-29 17:51:19 | [INFO]    | Shard 0 : Connected to wss://gateway.discord.gg
2020-10-29 17:51:19 | [INFO]    | Shard 0 : Received HELLO
2020-10-29 17:51:20 | [INFO]    | Shard 0 : Received READY
2020-10-29 17:53:19 | [INFO]    | Discordia 2.8.4
2020-10-29 17:53:19 | [INFO]    | Connecting to Discord...
2020-10-29 17:53:19 | [INFO]    | Authenticated as Momo Whaley Bot#0448
2020-10-29 17:53:19 | [INFO]    | Launching shard 0 (1 out of 1)...
2020-10-29 17:53:20 | [INFO]    | Shard 0 : Connected to wss://gateway.discord.gg
2020-10-29 17:53:20 | [INFO]    | Shard 0 : Received HELLO
2020-10-29 17:53:20 | [INFO]    | Shard 0 : Received READY
2020-10-29 17:55:50 | [INFO]    | Discordia 2.8.4
2020-10-29 17:55:50 | [INFO]    | Connecting to Discord...
2020-10-29 17:55:50 | [INFO]    | Authenticated as Momo Whaley Bot#0448
2020-10-29 17:55:50 | [INFO]    | Launching shard 0 (1 out of 1)...
2020-10-29 17:55:51 | [INFO]    | Shard 0 : Connected to wss://gateway.discord.gg
2020-10-29 17:55:51 | [INFO]    | Shard 0 : Received HELLO
2020-10-29 17:55:51 | [INFO]    | Shard 0 : Received READY
2020-10-29 17:55:59 | [ERROR]   | 400 - Bad Request : GET https://discord.com/api/v7/guilds/770961374838521876/members/nil
2020-10-29 17:56:45 | [INFO]    | Discordia 2.8.4
2020-10-29 17:56:45 | [INFO]    | Connecting to Discord...
2020-10-29 17:56:45 | [INFO]    | Authenticated as Momo Whaley Bot#0448
2020-10-29 17:56:45 | [INFO]    | Launching shard 0 (1 out of 1)...
2020-10-29 17:56:46 | [INFO]    | Shard 0 : Connected to wss://gateway.discord.gg
2020-10-29 17:56:46 | [INFO]    | Shard 0 : Received HELLO
2020-10-29 17:56:46 | [INFO]    | Shard 0 : Received READY
2020-10-29 17:56:52 | [ERROR]   | 400 - Bad Request : GET https://discord.com/api/v7/guilds/770961374838521876/members/nil
2020-10-29 17:57:22 | [INFO]    | Discordia 2.8.4
2020-10-29 17:57:22 | [INFO]    | Connecting to Discord...
2020-10-29 17:57:22 | [INFO]    | Authenticated as Momo Whaley Bot#0448
2020-10-29 17:57:22 | [INFO]    | Launching shard 0 (1 out of 1)...
2020-10-29 17:57:23 | [INFO]    | Shard 0 : Connected to wss://gateway.discord.gg
2020-10-29 17:57:23 | [INFO]    | Shard 0 : Received HELLO
2020-10-29 17:57:23 | [INFO]    | Shard 0 : Received READY
2020-10-29 18:00:28 | [INFO]    | Discordia 2.8.4
2020-10-29 18:00:28 | [INFO]    | Connecting to Discord...
2020-10-29 18:00:29 | [INFO]    | Authenticated as Momo Whaley Bot#0448
2020-10-29 18:00:29 | [INFO]    | Launching shard 0 (1 out of 1)...
2020-10-29 18:00:29 | [INFO]    | Shard 0 : Connected to wss://gateway.discord.gg
2020-10-29 18:00:29 | [INFO]    | Shard 0 : Received HELLO
2020-10-29 18:00:29 | [INFO]    | Shard 0 : Received READY
2020-10-29 18:12:39 | [INFO]    | Discordia 2.8.4
2020-10-29 18:12:39 | [INFO]    | Connecting to Discord...
2020-10-29 18:12:39 | [INFO]    | Authenticated as Momo Whaley Bot#0448
2020-10-29 18:12:39 | [INFO]    | Launching shard 0 (1 out of 1)...
2020-10-29 18:12:39 | [INFO]    | Shard 0 : Connected to wss://gateway.discord.gg
2020-10-29 18:12:39 | [INFO]    | Shard 0 : Received HELLO
2020-10-29 18:12:39 | [INFO]    | Shard 0 : Received READY
2020-10-29 18:34:35 | [INFO]    | Discordia 2.8.4
2020-10-29 18:34:35 | [INFO]    | Connecting to Discord...
2020-10-29 18:34:35 | [INFO]    | Authenticated as Momo Whaley Bot#0448
2020-10-29 18:34:35 | [INFO]    | Launching shard 0 (1 out of 1)...
2020-10-29 18:34:35 | [INFO]    | Shard 0 : Connected to wss://gateway.discord.gg
2020-10-29 18:34:35 | [INFO]    | Shard 0 : Received HELLO
2020-10-29 18:34:35 | [INFO]    | Shard 0 : Received READY
2020-10-29 18:35:31 | [INFO]    | Discordia 2.8.4
2020-10-29 18:35:31 | [INFO]    | Connecting to Discord...
2020-10-29 18:35:32 | [INFO]    | Authenticated as Momo Whaley Bot#0448
2020-10-29 18:35:32 | [INFO]    | Launching shard 0 (1 out of 1)...
2020-10-29 18:35:32 | [INFO]    | Shard 0 : Connected to wss://gateway.discord.gg
2020-10-29 18:35:32 | [INFO]    | Shard 0 : Received HELLO
2020-10-29 18:35:32 | [INFO]    | Shard 0 : Received READY
2020-10-29 18:38:31 | [INFO]    | Discordia 2.8.4
2020-10-29 18:38:31 | [INFO]    | Connecting to Discord...
2020-10-29 18:38:31 | [INFO]    | Authenticated as Momo Whaley Bot#0448
2020-10-29 18:38:31 | [INFO]    | Launching shard 0 (1 out of 1)...
2020-10-29 18:38:32 | [INFO]    | Shard 0 : Connected to wss://gateway.discord.gg
2020-10-29 18:38:32 | [INFO]    | Shard 0 : Received HELLO
2020-10-29 18:38:32 | [INFO]    | Shard 0 : Received READY
2020-10-29 18:38:55 | [ERROR]   | 400 - Bad Request : GET https://discord.com/api/v7/guilds/770961374838521876/members/nil
2020-10-29 18:59:13 | [INFO]    | Discordia 2.8.4
2020-10-29 18:59:13 | [INFO]    | Connecting to Discord...
2020-10-29 18:59:13 | [INFO]    | Authenticated as Momo Whaley Bot#0448
2020-10-29 18:59:13 | [INFO]    | Launching shard 0 (1 out of 1)...
2020-10-29 18:59:14 | [INFO]    | Shard 0 : Connected to wss://gateway.discord.gg
2020-10-29 18:59:14 | [INFO]    | Shard 0 : Received HELLO
2020-10-29 18:59:14 | [INFO]    | Shard 0 : Received READY
2020-10-29 19:01:41 | [INFO]    | Discordia 2.8.4
2020-10-29 19:01:41 | [INFO]    | Connecting to Discord...
2020-10-29 19:01:42 | [INFO]    | Authenticated as Momo Whaley Bot#0448
2020-10-29 19:01:42 | [INFO]    | Launching shard 0 (1 out of 1)...
2020-10-29 19:01:42 | [INFO]    | Shard 0 : Connected to wss://gateway.discord.gg
2020-10-29 19:01:42 | [INFO]    | Shard 0 : Received HELLO
2020-10-29 19:01:42 | [INFO]    | Shard 0 : Received READY
2020-10-29 19:04:34 | [INFO]    | Discordia 2.8.4
2020-10-29 19:04:34 | [INFO]    | Connecting to Discord...
2020-10-29 19:04:34 | [INFO]    | Authenticated as Momo Whaley Bot#0448
2020-10-29 19:04:34 | [INFO]    | Launching shard 0 (1 out of 1)...
2020-10-29 19:04:35 | [INFO]    | Shard 0 : Connected to wss://gateway.discord.gg
2020-10-29 19:04:35 | [INFO]    | Shard 0 : Received HELLO
2020-10-29 19:04:35 | [INFO]    | Shard 0 : Received READY
